{"contracts/AucEngine.sol":{"l":{"28":3,"32":0,"34":0,"36":0,"47":0,"49":0,"53":0,"54":0,"55":0,"56":0,"57":0,"61":0,"62":0,"63":0,"64":0,"65":0,"66":0,"67":0,"68":0,"70":0,"71":0,"73":0,"76":0},"path":"/Users/knqzx/Desktop/smart-contract/contracts/AucEngine.sol","s":{"1":0,"2":0,"3":0,"4":0,"5":0,"6":0,"7":0,"8":0,"9":0,"10":0,"11":0,"12":0,"13":0,"14":0,"15":0,"16":0,"17":0,"18":0,"19":0,"20":0},"b":{"1":[0,0],"2":[0,0],"3":[0,0],"4":[0,0],"5":[0,0],"6":[0,0],"7":[0,0]},"f":{"1":3,"2":0,"3":0,"4":0},"fnMap":{"1":{"name":"constructor","line":27,"loc":{"start":{"line":27,"column":4},"end":{"line":29,"column":4}}},"2":{"name":"createAuction","line":31,"loc":{"start":{"line":31,"column":4},"end":{"line":50,"column":4}}},"3":{"name":"getPriceFor","line":52,"loc":{"start":{"line":52,"column":4},"end":{"line":58,"column":4}}},"4":{"name":"buy","line":60,"loc":{"start":{"line":60,"column":4},"end":{"line":77,"column":4}}}},"statementMap":{"1":{"start":{"line":32,"column":8},"end":{"line":32,"column":61}},"2":{"start":{"line":34,"column":8},"end":{"line":34,"column":86}},"3":{"start":{"line":36,"column":8},"end":{"line":36,"column":944}},"4":{"start":{"line":47,"column":8},"end":{"line":47,"column":32}},"5":{"start":{"line":49,"column":8},"end":{"line":49,"column":81}},"6":{"start":{"line":53,"column":8},"end":{"line":53,"column":49}},"7":{"start":{"line":54,"column":8},"end":{"line":54,"column":45}},"8":{"start":{"line":55,"column":8},"end":{"line":55,"column":57}},"9":{"start":{"line":56,"column":8},"end":{"line":56,"column":55}},"10":{"start":{"line":57,"column":8},"end":{"line":57,"column":48}},"11":{"start":{"line":61,"column":8},"end":{"line":61,"column":50}},"12":{"start":{"line":62,"column":8},"end":{"line":62,"column":45}},"13":{"start":{"line":63,"column":8},"end":{"line":63,"column":59}},"14":{"start":{"line":64,"column":8},"end":{"line":64,"column":40}},"15":{"start":{"line":65,"column":8},"end":{"line":65,"column":56}},"16":{"start":{"line":68,"column":8},"end":{"line":68,"column":40}},"17":{"start":{"line":70,"column":8},"end":{"line":70,"column":2222}},"18":{"start":{"line":71,"column":12},"end":{"line":71,"column":47}},"19":{"start":{"line":73,"column":8},"end":{"line":73,"column":2307}},"20":{"start":{"line":76,"column":8},"end":{"line":76,"column":52}}},"branchMap":{"1":{"line":32,"type":"if","locations":[{"start":{"line":32,"column":41},"end":{"line":32,"column":48}},{"start":{"line":32,"column":52},"end":{"line":32,"column":60}}]},"2":{"line":34,"type":"if","locations":[{"start":{"line":34,"column":8},"end":{"line":34,"column":8}},{"start":{"line":34,"column":8},"end":{"line":34,"column":8}}]},"3":{"line":54,"type":"if","locations":[{"start":{"line":54,"column":8},"end":{"line":54,"column":8}},{"start":{"line":54,"column":8},"end":{"line":54,"column":8}}]},"4":{"line":62,"type":"if","locations":[{"start":{"line":62,"column":8},"end":{"line":62,"column":8}},{"start":{"line":62,"column":8},"end":{"line":62,"column":8}}]},"5":{"line":63,"type":"if","locations":[{"start":{"line":63,"column":8},"end":{"line":63,"column":8}},{"start":{"line":63,"column":8},"end":{"line":63,"column":8}}]},"6":{"line":65,"type":"if","locations":[{"start":{"line":65,"column":8},"end":{"line":65,"column":8}},{"start":{"line":65,"column":8},"end":{"line":65,"column":8}}]},"7":{"line":70,"type":"if","locations":[{"start":{"line":70,"column":8},"end":{"line":70,"column":8}},{"start":{"line":70,"column":8},"end":{"line":70,"column":8}}]}}},"contracts/Demo.sol":{"l":{"11":0,"15":0,"19":0,"23":0,"24":0,"28":0,"29":0},"path":"/Users/knqzx/Desktop/smart-contract/contracts/Demo.sol","s":{"1":0,"2":0,"3":0,"4":0},"b":{"1":[0,0],"2":[0,0],"3":[0,0]},"f":{"1":0,"2":0,"3":0,"4":0},"fnMap":{"1":{"name":"constructor","line":10,"loc":{"start":{"line":10,"column":4},"end":{"line":12,"column":4}}},"2":{"name":"pay","line":18,"loc":{"start":{"line":18,"column":4},"end":{"line":20,"column":4}}},"3":{"name":"onlyOwner","line":22,"loc":{"start":{"line":22,"column":4},"end":{"line":25,"column":4}}},"4":{"name":"withdraw","line":27,"loc":{"start":{"line":27,"column":4},"end":{"line":30,"column":4}}}},"statementMap":{"1":{"start":{"line":19,"column":8},"end":{"line":19,"column":57}},"2":{"start":{"line":23,"column":8},"end":{"line":23,"column":60}},"3":{"start":{"line":28,"column":8},"end":{"line":28,"column":60}},"4":{"start":{"line":29,"column":8},"end":{"line":29,"column":42}}},"branchMap":{"1":{"line":23,"type":"if","locations":[{"start":{"line":23,"column":8},"end":{"line":23,"column":8}},{"start":{"line":23,"column":8},"end":{"line":23,"column":8}}]},"2":{"line":27,"type":"if","locations":[{"start":{"line":27,"column":52},"end":{"line":27,"column":52}},{"start":{"line":27,"column":52},"end":{"line":27,"column":52}}]},"3":{"line":28,"type":"if","locations":[{"start":{"line":28,"column":8},"end":{"line":28,"column":8}},{"start":{"line":28,"column":8},"end":{"line":28,"column":8}}]}}},"contracts/Payments.sol":{"l":{"21":0,"25":0,"29":0,"30":0,"32":0,"39":0},"path":"/Users/knqzx/Desktop/smart-contract/contracts/Payments.sol","s":{"1":0,"2":0,"3":0,"4":0},"b":{},"f":{"1":0,"2":0,"3":0},"fnMap":{"1":{"name":"currentBalance","line":20,"loc":{"start":{"line":20,"column":4},"end":{"line":22,"column":4}}},"2":{"name":"getPayment","line":24,"loc":{"start":{"line":24,"column":4},"end":{"line":26,"column":4}}},"3":{"name":"pay","line":28,"loc":{"start":{"line":28,"column":4},"end":{"line":40,"column":4}}}},"statementMap":{"1":{"start":{"line":21,"column":8},"end":{"line":21,"column":36}},"2":{"start":{"line":25,"column":8},"end":{"line":25,"column":47}},"3":{"start":{"line":29,"column":8},"end":{"line":29,"column":60}},"4":{"start":{"line":32,"column":8},"end":{"line":32,"column":779}}},"branchMap":{}}}